lothar@zaphod$ ./build.sh
g++ (GCC) 4.1.2
Copyright (C) 2006 Free Software Foundation, Inc.
This is free software; see the source for copying conditions.  There is NO
warranty; not even for MERCHANTABILITY or FITNESS FOR A PARTICULAR PURPOSE.

DEBUG - using TAO_VERSION=1.5.6
TAO (17977|46912511771232) Default ORB - global initialization completed.
TAO (17977|46912511771232) Initializing the orb-specific services
TAO (17977|46912511771232) Default_Resource_Factory - codeset manager=0x57b900
TAO (17977|46912511771232) - Codeset_Manager_i::init_ccs, Loaded Codeset translator <UTF8_Latin1_Factory>, ncs = 00010001 tcs = 05010001
TAO (17977|46912511771232) - UTF16_BOM_Translator: forceBE 0
TAO (17977|46912511771232) Loaded default protocol <IIOP_Factory>
TAO (17977|46912511771232) created new ORB <testORB>
TAO (17977|46912511771232) - IIOP_Acceptor::open_i, listening on: <192.168.1.101:35656>
TAO (17977|46912511771232) - IIOP_Acceptor::open_i, listening on: <192.168.203.1:35656>
TAO (17977|46912511771232) - IIOP_Acceptor::open_i, listening on: <192.168.97.1:35656>
INFO - ORB runs with 1 threads
INFO - ORB initialization done
TAO (17977|1082132832) - ORB_Core::run, start [run]
TAO (17977|1082132832) - ORB_Core::run, calling handle_events()
DEBUG - mv_poaManager->deactivate(1, 1) done
TAO (17977|1082132832) - ORB_Core::run, handle_events() returns 0
DEBUG - mv_orb->shutdown(1) done
TAO (17977|1082132832) - ORB_Core::run, ends with result = 0
DEBUG - mv_orb->run done
DEBUG - wait() done
CORBA::ORB::destroy() called on ORB <testORB>.
Destroying ORB <testORB>
./build.sh: line 53: 17977 Segmentation fault      (core dumped) ./sig
<~/tmp/sig>
lothar@zaphod$ gdb --core core sig
GNU gdb 6.4-debian
Copyright 2005 Free Software Foundation, Inc.
GDB is free software, covered by the GNU General Public License, and you are
welcome to change it and/or distribute copies of it under certain conditions.
Type "show copying" to see the conditions.
There is absolutely no warranty for GDB.  Type "show warranty" for details.
This GDB was configured as "x86_64-linux-gnu"...Using host libthread_db library "/lib/libthread_db.so.1".

Core was generated by `./sig'.
Program terminated with signal 11, Segmentation fault.
Reading symbols from /opt2/linux/x86_64/ACE/1.5.6/ACE_wrappers/lib/libACE.so.5.5.6...done.
Loaded symbols for /opt2/linux/x86_64/ACE/1.5.6/ACE_wrappers/lib/libACE.so.5.5.6
Reading symbols from /opt2/linux/x86_64/lib/liblog4cplus.so.2...done.
Loaded symbols for /opt2/linux/x86_64/lib/liblog4cplus.so.2
Reading symbols from /usr/lib/libstdc++.so.6...done.
Loaded symbols for /usr/lib/libstdc++.so.6
Reading symbols from /lib/libm.so.6...done.
Loaded symbols for /lib/libm.so.6
Reading symbols from /lib/libgcc_s.so.1...done.
Loaded symbols for /lib/libgcc_s.so.1
Reading symbols from /lib/libc.so.6...done.
Loaded symbols for /lib/libc.so.6
Reading symbols from /lib/libdl.so.2...done.
Loaded symbols for /lib/libdl.so.2
Reading symbols from /lib/libpthread.so.0...done.
Loaded symbols for /lib/libpthread.so.0
Reading symbols from /lib/librt.so.1...done.
Loaded symbols for /lib/librt.so.1
Reading symbols from /lib/ld-linux-x86-64.so.2...done.
Loaded symbols for /lib64/ld-linux-x86-64.so.2
Reading symbols from /home/lothar/tmp/sig/libtradescape.so...done.
Loaded symbols for ./libtradescape.so
Reading symbols from /opt2/linux/x86_64/ACE/1.5.6/ACE_wrappers/lib/libTAO_PortableServer.so.1.5.6...done.
Loaded symbols for /opt2/linux/x86_64/ACE/1.5.6/ACE_wrappers/lib/libTAO_PortableServer.so.1.5.6
Reading symbols from /opt2/linux/x86_64/ACE/1.5.6/ACE_wrappers/lib/libTAO.so.1.5.6...done.
Loaded symbols for /opt2/linux/x86_64/ACE/1.5.6/ACE_wrappers/lib/libTAO.so.1.5.6
Reading symbols from /opt2/linux/x86_64/ACE/1.5.6/ACE_wrappers/lib/libTAO_AnyTypeCode.so.1.5.6...done.
Loaded symbols for /opt2/linux/x86_64/ACE/1.5.6/ACE_wrappers/lib/libTAO_AnyTypeCode.so.1.5.6
Reading symbols from /opt2/linux/x86_64/ACE/1.5.6/ACE_wrappers/lib/libTAO_Codeset.so...done.
Loaded symbols for /opt2/linux/x86_64/ACE/1.5.6/ACE_wrappers/lib/libTAO_Codeset.so
Reading symbols from /opt2/linux/x86_64/ACE/1.5.6/ACE_wrappers/lib/libACEXML_XML_Svc_Conf_Parser.so...done.
Loaded symbols for /opt2/linux/x86_64/ACE/1.5.6/ACE_wrappers/lib/libACEXML_XML_Svc_Conf_Parser.so
Reading symbols from /opt2/linux/x86_64/ACE/1.5.6/ACE_wrappers/lib/libACEXML_Parser.so.5.5.6...done.
Loaded symbols for /opt2/linux/x86_64/ACE/1.5.6/ACE_wrappers/lib/libACEXML_Parser.so.5.5.6
Reading symbols from /opt2/linux/x86_64/ACE/1.5.6/ACE_wrappers/lib/libACEXML.so.5.5.6...done.
Loaded symbols for /opt2/linux/x86_64/ACE/1.5.6/ACE_wrappers/lib/libACEXML.so.5.5.6
#0  0x00002aaaac53c6f0 in ?? ()
(gdb) where
#0  0x00002aaaac53c6f0 in ?? ()
#1  0x00002aaaaac5ea0a in ACE_Service_Type_Impl::fini (this=0x571ea0) at Service_Types.cpp:74
#2  0x00002aaaaac5cf82 in ACE_Service_Type::fini (this=0x571ef0) at Service_Object.cpp:106
#3  0x00002aaaaac5cfb6 in ~ACE_Service_Type (this=0x571e60) at Service_Object.cpp:82
#4  0x00002aaaaac5e14a in ACE_Service_Repository::close (this=0x553610) at Service_Repository.cpp:220
#5  0x00002aaaaac5e2c8 in ~ACE_Service_Repository (this=0x553610) at Service_Repository.cpp:238
#6  0x00002aaaaac5a6af in ACE_Service_Gestalt::close (this=0x5535b0) at Service_Gestalt.cpp:1332
#7  0x00002aaaac0f20f1 in TAO::ORB::close_services (pcfg=0x5535b0) at TAO_Internal.cpp:418
#8  0x00002aaaac0c6e88 in ~TAO_ORB_Core (this=0x54c770) at ORB_Core.cpp:371
#9  0x00002aaaac0c7960 in TAO_ORB_Core::fini (this=0x54c770) at ORB_Core.cpp:1408
#10 0x00002aaaac0cfb31 in TAO::ORB_Table::unbind (this=0x54c5b8, orb_id=<value optimized out>) at ORB_Core.inl:29
#11 0x00002aaaac0be492 in CORBA::ORB::destroy (this=0x57b8d0) at ORB.cpp:184
#12 0x00002aaaabce4e4c in DllOrb::fini (this=0x5446c0) at DllOrb.cpp:248
#13 0x00002aaaaac5ebeb in ACE_Service_Object_Type::fini (this=<value optimized out>) at Service_Types.cpp:129
#14 0x00002aaaaac5cf82 in ACE_Service_Type::fini (this=0x5447b0) at Service_Object.cpp:106
#15 0x00002aaaaac5cfb6 in ~ACE_Service_Type (this=0x571e60) at Service_Object.cpp:82
#16 0x00002aaaaac5dc14 in ACE_Service_Repository::remove (this=<value optimized out>, name=0x5114c0 "testDllOrb", ps=0x0)
    at Service_Repository.cpp:466
#17 0x00002aaaab9a1883 in ACEXML_Svcconf_Handler::startElement (this=0x511140, qName=<value optimized out>, alist=<value optimized out>)
    at Svcconf_Handler.cpp:464
#18 0x00002aaaabaaea36 in ACEXML_Parser::parse_element (this=0x510fb8, is_root=<value optimized out>) at Parser.cpp:900
#19 0x00002aaaabaaee16 in ACEXML_Parser::parse_content (this=0x510fb8, startname=0x5841f0 "ACE_Svc_Conf", ns_uri=@0x7fffffa02cc8,
    ns_lname=@0x7fffffa02cc0, ns_flag=0) at Parser.cpp:1093
---Type <return> to continue, or q <return> to quit---q
Quit
(gdb) q
<~/tmp/sig>
